{"C:\\Users\\Hamilton\\Documents\\JS\\unitTest\\clone.js": {"path":"C:\\Users\\Hamilton\\Documents\\JS\\unitTest\\clone.js","statementMap":{"0":{"start":{"line":2,"column":4},"end":{"line":2,"column":22}},"1":{"start":{"line":5,"column":0},"end":{"line":5,"column":27}}},"fnMap":{"0":{"name":"cloneArray","decl":{"start":{"line":1,"column":9},"end":{"line":1,"column":19}},"loc":{"start":{"line":1,"column":26},"end":{"line":3,"column":1}},"line":1}},"branchMap":{},"s":{"0":2,"1":1},"f":{"0":2},"b":{},"_coverageSchema":"1a1c01bbd47fc00a2c39e90264f33305004495a9","hash":"b08fa595651467366489d24e27280f6eafcfd9c3"}
,"C:\\Users\\Hamilton\\Documents\\JS\\unitTest\\prime.js": {"path":"C:\\Users\\Hamilton\\Documents\\JS\\unitTest\\prime.js","statementMap":{"0":{"start":{"line":11,"column":15},"end":{"line":11,"column":29}},"1":{"start":{"line":13,"column":4},"end":{"line":17,"column":5}},"2":{"start":{"line":14,"column":8},"end":{"line":16,"column":9}},"3":{"start":{"line":15,"column":12},"end":{"line":15,"column":25}},"4":{"start":{"line":19,"column":4},"end":{"line":19,"column":16}},"5":{"start":{"line":25,"column":0},"end":{"line":25,"column":24}}},"fnMap":{"0":{"name":"isPrime","decl":{"start":{"line":1,"column":9},"end":{"line":1,"column":16}},"loc":{"start":{"line":1,"column":22},"end":{"line":21,"column":1}},"line":1}},"branchMap":{"0":{"loc":{"start":{"line":14,"column":8},"end":{"line":16,"column":9}},"type":"if","locations":[{"start":{"line":14,"column":8},"end":{"line":16,"column":9}},{"start":{"line":14,"column":8},"end":{"line":16,"column":9}}],"line":14}},"s":{"0":1,"1":1,"2":1,"3":0,"4":1,"5":1},"f":{"0":1},"b":{"0":[0,1]},"_coverageSchema":"1a1c01bbd47fc00a2c39e90264f33305004495a9","hash":"09d4c2d423f6cb12f25bacfda1161e6dcac17f69"}
,"C:\\Users\\Hamilton\\Documents\\JS\\unitTest\\remove.js": {"path":"C:\\Users\\Hamilton\\Documents\\JS\\unitTest\\remove.js","statementMap":{"0":{"start":{"line":3,"column":22},"end":{"line":3,"column":24}},"1":{"start":{"line":6,"column":4},"end":{"line":12,"column":5}},"2":{"start":{"line":7,"column":8},"end":{"line":9,"column":9}},"3":{"start":{"line":8,"column":12},"end":{"line":8,"column":38}},"4":{"start":{"line":14,"column":4},"end":{"line":14,"column":19}},"5":{"start":{"line":16,"column":4},"end":{"line":16,"column":21}},"6":{"start":{"line":20,"column":0},"end":{"line":20,"column":23}}},"fnMap":{"0":{"name":"remove","decl":{"start":{"line":1,"column":9},"end":{"line":1,"column":15}},"loc":{"start":{"line":1,"column":31},"end":{"line":18,"column":1}},"line":1}},"branchMap":{"0":{"loc":{"start":{"line":7,"column":8},"end":{"line":9,"column":9}},"type":"if","locations":[{"start":{"line":7,"column":8},"end":{"line":9,"column":9}},{"start":{"line":7,"column":8},"end":{"line":9,"column":9}}],"line":7}},"s":{"0":1,"1":1,"2":4,"3":3,"4":1,"5":1,"6":1},"f":{"0":1},"b":{"0":[3,1]},"_coverageSchema":"1a1c01bbd47fc00a2c39e90264f33305004495a9","hash":"21446f3592544850f4e3651db6a9dec53c3ba9e4"}
,"C:\\Users\\Hamilton\\Documents\\JS\\unitTest\\reverse.js": {"path":"C:\\Users\\Hamilton\\Documents\\JS\\unitTest\\reverse.js","statementMap":{"0":{"start":{"line":2,"column":4},"end":{"line":2,"column":23}},"1":{"start":{"line":3,"column":4},"end":{"line":3,"column":42}},"2":{"start":{"line":6,"column":0},"end":{"line":6,"column":27}},"3":{"start":{"line":8,"column":0},"end":{"line":8,"column":23}}},"fnMap":{"0":{"name":"revNum","decl":{"start":{"line":1,"column":9},"end":{"line":1,"column":15}},"loc":{"start":{"line":1,"column":21},"end":{"line":4,"column":1}},"line":1}},"branchMap":{},"s":{"0":2,"1":2,"2":1,"3":1},"f":{"0":2},"b":{},"_coverageSchema":"1a1c01bbd47fc00a2c39e90264f33305004495a9","hash":"1ff1deb0ff83ad2aecad8357366ba220a636d5fa"}
,"C:\\Users\\Hamilton\\Documents\\JS\\unitTest\\sentence.js": {"path":"C:\\Users\\Hamilton\\Documents\\JS\\unitTest\\sentence.js","statementMap":{"0":{"start":{"line":2,"column":4},"end":{"line":2,"column":29}},"1":{"start":{"line":3,"column":4},"end":{"line":3,"column":20}},"2":{"start":{"line":5,"column":22},"end":{"line":5,"column":68}},"3":{"start":{"line":5,"column":42},"end":{"line":5,"column":60}},"4":{"start":{"line":6,"column":4},"end":{"line":6,"column":20}},"5":{"start":{"line":9,"column":0},"end":{"line":9,"column":25}}},"fnMap":{"0":{"name":"sentence","decl":{"start":{"line":1,"column":9},"end":{"line":1,"column":17}},"loc":{"start":{"line":1,"column":23},"end":{"line":7,"column":1}},"line":1},"1":{"name":"(anonymous_1)","decl":{"start":{"line":5,"column":31},"end":{"line":5,"column":32}},"loc":{"start":{"line":5,"column":42},"end":{"line":5,"column":60}},"line":5}},"branchMap":{},"s":{"0":1,"1":1,"2":1,"3":7,"4":1,"5":1},"f":{"0":1,"1":7},"b":{},"_coverageSchema":"1a1c01bbd47fc00a2c39e90264f33305004495a9","hash":"c559822853b8427f21e85fd17d589ec5124a1858"}
,"C:\\Users\\Hamilton\\Documents\\JS\\unitTest\\vowels.js": {"path":"C:\\Users\\Hamilton\\Documents\\JS\\unitTest\\vowels.js","statementMap":{"0":{"start":{"line":2,"column":22},"end":{"line":2,"column":42}},"1":{"start":{"line":3,"column":22},"end":{"line":3,"column":47}},"2":{"start":{"line":4,"column":15},"end":{"line":4,"column":17}},"3":{"start":{"line":5,"column":12},"end":{"line":5,"column":40}},"4":{"start":{"line":7,"column":4},"end":{"line":13,"column":9}},"5":{"start":{"line":8,"column":12},"end":{"line":12,"column":13}},"6":{"start":{"line":9,"column":16},"end":{"line":9,"column":27}},"7":{"start":{"line":11,"column":16},"end":{"line":11,"column":28}},"8":{"start":{"line":17,"column":0},"end":{"line":17,"column":24}}},"fnMap":{"0":{"name":"isVowel","decl":{"start":{"line":1,"column":9},"end":{"line":1,"column":16}},"loc":{"start":{"line":1,"column":24},"end":{"line":15,"column":1}},"line":1}},"branchMap":{"0":{"loc":{"start":{"line":8,"column":12},"end":{"line":12,"column":13}},"type":"if","locations":[{"start":{"line":8,"column":12},"end":{"line":12,"column":13}},{"start":{"line":8,"column":12},"end":{"line":12,"column":13}}],"line":8}},"s":{"0":1,"1":1,"2":1,"3":1,"4":1,"5":1,"6":0,"7":1,"8":1},"f":{"0":1},"b":{"0":[0,1]},"_coverageSchema":"1a1c01bbd47fc00a2c39e90264f33305004495a9","hash":"1fa0c795cfc3dcb16d7d526bccc125d12a466e21"}
}
