TN:
SF:clone.js
FN:1,cloneArray
FNF:1
FNH:1
FNDA:2,cloneArray
DA:2,2
DA:5,1
LF:2
LH:2
BRF:0
BRH:0
end_of_record
TN:
SF:prime.js
FN:1,isPrime
FNF:1
FNH:1
FNDA:1,isPrime
DA:11,1
DA:13,1
DA:14,1
DA:15,0
DA:19,1
DA:25,1
LF:6
LH:5
BRDA:14,0,0,0
BRDA:14,0,1,1
BRF:2
BRH:1
end_of_record
TN:
SF:remove.js
FN:1,remove
FNF:1
FNH:1
FNDA:1,remove
DA:3,1
DA:6,1
DA:7,4
DA:8,3
DA:14,1
DA:16,1
DA:20,1
LF:7
LH:7
BRDA:7,0,0,3
BRDA:7,0,1,1
BRF:2
BRH:2
end_of_record
TN:
SF:reverse.js
FN:1,revNum
FNF:1
FNH:1
FNDA:2,revNum
DA:2,2
DA:3,2
DA:6,1
DA:8,1
LF:4
LH:4
BRF:0
BRH:0
end_of_record
TN:
SF:sentence.js
FN:1,sentence
FN:5,(anonymous_1)
FNF:2
FNH:2
FNDA:1,sentence
FNDA:7,(anonymous_1)
DA:2,1
DA:3,1
DA:5,7
DA:6,1
DA:9,1
LF:5
LH:5
BRF:0
BRH:0
end_of_record
TN:
SF:vowels.js
FN:1,isVowel
FNF:1
FNH:1
FNDA:1,isVowel
DA:2,1
DA:3,1
DA:4,1
DA:5,1
DA:7,1
DA:8,1
DA:9,0
DA:11,1
DA:17,1
LF:9
LH:8
BRDA:8,0,0,0
BRDA:8,0,1,1
BRF:2
BRH:1
end_of_record
